Build started 07.04.2015 11:52:56.
     1>Project "C:\Users\Enko\Desktop\Programming\CPPWorkSpace\Task_3_Deque\Task_3_Deque\Task_3_Deque\Task_3_Deque.vcxproj" on node 2 (Build target(s)).
     1>InitializeBuildStatus:
         Touching "Debug\Task_3_Deque.tlog\unsuccessfulbuild".
       ClCompile:
         C:\Program Files (x86)\Microsoft Visual Studio 12.0\VC\bin\CL.exe /c /ZI /nologo /W3 /WX- /sdl /Od /Oy- /D WIN32 /D _DEBUG /D _CONSOLE /D _LIB /D _UNICODE /D UNICODE /Gm /EHsc /RTC1 /MDd /GS /fp:precise /Zc:wchar_t /Zc:forScope /Fo"Debug\\" /Fd"Debug\vc120.pdb" /Gd /TP /analyze- /errorReport:prompt Task_3_Deque.cpp
         Task_3_Deque.cpp
     1>c:\users\enko\desktop\programming\cppworkspace\task_3_deque\task_3_deque\task_3_deque\task_3_deque.cpp(42): warning C4018: '<' : signed/unsigned mismatch
     1>c:\users\enko\desktop\programming\cppworkspace\task_3_deque\task_3_deque\task_3_deque\mydeque.h(120): warning C4172: returning address of local variable or temporary
                 c:\users\enko\desktop\programming\cppworkspace\task_3_deque\task_3_deque\task_3_deque\mydeque.h(105) : while compiling class template member function 'const int &MyDeque<int>::pop_back(void)'
                 c:\users\enko\desktop\programming\cppworkspace\task_3_deque\task_3_deque\task_3_deque\task_3_deque.cpp(22) : see reference to function template instantiation 'const int &MyDeque<int>::pop_back(void)' being compiled
                 c:\users\enko\desktop\programming\cppworkspace\task_3_deque\task_3_deque\task_3_deque\task_3_deque.cpp(8) : see reference to class template instantiation 'MyDeque<int>' being compiled
     1>c:\users\enko\desktop\programming\cppworkspace\task_3_deque\task_3_deque\task_3_deque\mydeque.h(137): warning C4172: returning address of local variable or temporary
                 c:\users\enko\desktop\programming\cppworkspace\task_3_deque\task_3_deque\task_3_deque\mydeque.h(125) : while compiling class template member function 'const int &MyDeque<int>::pop_front(void)'
                 c:\users\enko\desktop\programming\cppworkspace\task_3_deque\task_3_deque\task_3_deque\task_3_deque.cpp(20) : see reference to function template instantiation 'const int &MyDeque<int>::pop_front(void)' being compiled
       Link:
         C:\Program Files (x86)\Microsoft Visual Studio 12.0\VC\bin\link.exe /ERRORREPORT:PROMPT /OUT:"C:\Users\Enko\Desktop\Programming\CPPWorkSpace\Task_3_Deque\Task_3_Deque\Debug\Task_3_Deque.exe" /INCREMENTAL /NOLOGO kernel32.lib user32.lib gdi32.lib winspool.lib comdlg32.lib advapi32.lib shell32.lib ole32.lib oleaut32.lib uuid.lib odbc32.lib odbccp32.lib /MANIFEST /MANIFESTUAC:"level='asInvoker' uiAccess='false'" /manifest:embed /DEBUG /PDB:"C:\Users\Enko\Desktop\Programming\CPPWorkSpace\Task_3_Deque\Task_3_Deque\Debug\Task_3_Deque.pdb" /SUBSYSTEM:CONSOLE /TLBID:1 /DYNAMICBASE /NXCOMPAT /IMPLIB:"C:\Users\Enko\Desktop\Programming\CPPWorkSpace\Task_3_Deque\Task_3_Deque\Debug\Task_3_Deque.lib" /MACHINE:X86 Debug\Task_3_Deque.obj
         Task_3_Deque.vcxproj -> C:\Users\Enko\Desktop\Programming\CPPWorkSpace\Task_3_Deque\Task_3_Deque\Debug\Task_3_Deque.exe
       FinalizeBuildStatus:
         Deleting file "Debug\Task_3_Deque.tlog\unsuccessfulbuild".
         Touching "Debug\Task_3_Deque.tlog\Task_3_Deque.lastbuildstate".
     1>Done Building Project "C:\Users\Enko\Desktop\Programming\CPPWorkSpace\Task_3_Deque\Task_3_Deque\Task_3_Deque\Task_3_Deque.vcxproj" (Build target(s)).

Build succeeded.

Time Elapsed 00:00:00.82
